

Started GET "/assets/rails.png" for 127.0.0.1 at 2013-02-26 01:08:09 +0000
Served asset /rails.png - 304 Not Modified (7ms)


Started GET "/" for 127.0.0.1 at 2013-02-26 01:11:49 +0000
Processing by WelcomeController#index as HTML
  Rendered welcome/index.html.erb within layouts/application (9.5ms)
Compiled welcome.css  (9ms)  (pid 1284)
Compiled application.css  (17ms)  (pid 1284)
Compiled jquery.js  (2ms)  (pid 1284)
Compiled jquery_ujs.js  (0ms)  (pid 1284)
Completed 500 Internal Server Error in 196ms

ActionView::Template::Error (
  (in C:/Sites/railsinstaller_demo/app/assets/javascripts/welcome.js.coffee)):
    3: <head>
    4:   <title>RailsinstallerDemo</title>
    5:   <%= stylesheet_link_tag    "application", :media => "all" %>
    6:   <%= javascript_include_tag "application" %>
    7:   <%= csrf_meta_tags %>
    8: </head>
    9: <body>
  app/views/layouts/application.html.erb:6:in `_app_views_layouts_application_html_erb___272303556_46202820'


  Rendered F:/RailsInstaller/Ruby1.9.3/lib/ruby/gems/1.9.1/gems/actionpack-3.2.1/lib/action_dispatch/middleware/templates/rescues/_trace.erb (2.0ms)
  Rendered F:/RailsInstaller/Ruby1.9.3/lib/ruby/gems/1.9.1/gems/actionpack-3.2.1/lib/action_dispatch/middleware/templates/rescues/_request_and_response.erb (0.0ms)
  Rendered F:/RailsInstaller/Ruby1.9.3/lib/ruby/gems/1.9.1/gems/actionpack-3.2.1/lib/action_dispatch/middleware/templates/rescues/template_error.erb within rescues/layout (5.0ms)


Started GET "/" for 127.0.0.1 at 2013-02-26 01:14:08 +0000
Processing by WelcomeController#index as HTML
  Rendered welcome/index.html.erb within layouts/application (0.0ms)
Completed 500 Internal Server Error in 79ms

ActionView::Template::Error (
  (in C:/Sites/railsinstaller_demo/app/assets/javascripts/welcome.js.coffee)):
    3: <head>
    4:   <title>RailsinstallerDemo</title>
    5:   <%= stylesheet_link_tag    "application", :media => "all" %>
    6:   <%= javascript_include_tag "application" %>
    7:   <%= csrf_meta_tags %>
    8: </head>
    9: <body>
  app/views/layouts/application.html.erb:6:in `_app_views_layouts_application_html_erb___272303556_46202820'


  Rendered F:/RailsInstaller/Ruby1.9.3/lib/ruby/gems/1.9.1/gems/actionpack-3.2.1/lib/action_dispatch/middleware/templates/rescues/_trace.erb (2.0ms)
  Rendered F:/RailsInstaller/Ruby1.9.3/lib/ruby/gems/1.9.1/gems/actionpack-3.2.1/lib/action_dispatch/middleware/templates/rescues/_request_and_response.erb (0.0ms)
  Rendered F:/RailsInstaller/Ruby1.9.3/lib/ruby/gems/1.9.1/gems/actionpack-3.2.1/lib/action_dispatch/middleware/templates/rescues/template_error.erb within rescues/layout (5.0ms)


Started GET "/" for 127.0.0.1 at 2013-02-26 01:14:11 +0000
Processing by WelcomeController#index as HTML
  Rendered welcome/index.html.erb within layouts/application (0.0ms)
Completed 500 Internal Server Error in 75ms

ActionView::Template::Error (
  (in C:/Sites/railsinstaller_demo/app/assets/javascripts/welcome.js.coffee)):
    3: <head>
    4:   <title>RailsinstallerDemo</title>
    5:   <%= stylesheet_link_tag    "application", :media => "all" %>
    6:   <%= javascript_include_tag "application" %>
    7:   <%= csrf_meta_tags %>
    8: </head>
    9: <body>
  app/views/layouts/application.html.erb:6:in `_app_views_layouts_application_html_erb___272303556_46202820'


  Rendered F:/RailsInstaller/Ruby1.9.3/lib/ruby/gems/1.9.1/gems/actionpack-3.2.1/lib/action_dispatch/middleware/templates/rescues/_trace.erb (2.0ms)
  Rendered F:/RailsInstaller/Ruby1.9.3/lib/ruby/gems/1.9.1/gems/actionpack-3.2.1/lib/action_dispatch/middleware/templates/rescues/_request_and_response.erb (1.0ms)
  Rendered F:/RailsInstaller/Ruby1.9.3/lib/ruby/gems/1.9.1/gems/actionpack-3.2.1/lib/action_dispatch/middleware/templates/rescues/template_error.erb within rescues/layout (5.0ms)


Started GET "/" for 127.0.0.1 at 2013-02-26 01:14:35 +0000
Processing by WelcomeController#index as HTML
  Rendered welcome/index.html.erb within layouts/application (9.0ms)
Compiled welcome.js  (120ms)  (pid 1740)
Compiled application.js  (130ms)  (pid 1740)
Completed 200 OK in 195ms (Views: 194.6ms | ActiveRecord: 0.0ms)


Started GET "/assets/welcome.css?body=1" for 127.0.0.1 at 2013-02-26 01:14:36 +0000
Served asset /welcome.css - 200 OK (0ms)


Started GET "/assets/application.css?body=1" for 127.0.0.1 at 2013-02-26 01:14:36 +0000
Served asset /application.css - 200 OK (2ms)


Started GET "/assets/jquery.js?body=1" for 127.0.0.1 at 2013-02-26 01:14:36 +0000
Served asset /jquery.js - 200 OK (12ms)


Started GET "/assets/jquery_ujs.js?body=1" for 127.0.0.1 at 2013-02-26 01:14:36 +0000
Served asset /jquery_ujs.js - 200 OK (0ms)


Started GET "/assets/welcome.js?body=1" for 127.0.0.1 at 2013-02-26 01:14:36 +0000
Served asset /welcome.js - 200 OK (3ms)


Started GET "/assets/application.js?body=1" for 127.0.0.1 at 2013-02-26 01:14:36 +0000
Served asset /application.js - 200 OK (4ms)


Started GET "/" for 127.0.0.1 at 2013-02-26 01:15:20 +0000
Processing by WelcomeController#index as HTML
  Rendered welcome/index.html.erb within layouts/application (9.0ms)
Completed 200 OK in 61ms (Views: 60.0ms | ActiveRecord: 0.0ms)


Started GET "/assets/welcome.css?body=1" for 127.0.0.1 at 2013-02-26 01:15:21 +0000
Served asset /welcome.css - 304 Not Modified (2ms)


Started GET "/assets/welcome.js?body=1" for 127.0.0.1 at 2013-02-26 01:15:21 +0000
Served asset /welcome.js - 304 Not Modified (2ms)


Started GET "/assets/application.js?body=1" for 127.0.0.1 at 2013-02-26 01:15:21 +0000
Served asset /application.js - 304 Not Modified (3ms)


Started GET "/assets/application.css?body=1" for 127.0.0.1 at 2013-02-26 01:15:21 +0000
Served asset /application.css - 304 Not Modified (2ms)
